{
  "RSpec": {
    "coverage": {
      "/Users/UsmaanJ/Desktop/Projects/unboxed/app.rb": [
        1,
        1,
        null,
        1,
        null,
        1,
        6,
        null,
        null,
        1,
        4,
        4,
        null,
        null,
        1,
        4,
        4,
        null,
        4,
        4,
        90,
        78,
        12,
        null,
        66,
        null,
        null,
        null,
        null,
        16,
        4,
        null,
        null,
        1,
        null
      ],
      "/Users/UsmaanJ/Desktop/Projects/unboxed/spec/features/result_spec.rb": [
        1,
        1,
        1,
        1,
        1,
        1,
        null,
        null,
        1,
        1,
        1,
        1,
        1,
        null,
        null,
        1,
        1,
        1,
        1,
        1,
        1,
        null,
        null
      ],
      "/Users/UsmaanJ/Desktop/Projects/unboxed/spec/features/username_spec.rb": [
        1,
        1,
        1,
        1,
        null,
        null,
        1,
        1,
        1,
        1,
        1,
        null,
        null
      ]
    },
    "timestamp": 1449934804
  }
}
