{
  "RSpec": {
    "coverage": {
      "/Users/UsmaanJ/Desktop/Projects/unboxed/app.rb": [
        1,
        1,
        null,
        1,
        null,
        1,
        2,
        null,
        null,
        1,
        1,
        1,
        null,
        null,
        1,
        1,
        1,
        null,
        1,
        1,
        30,
        26,
        4,
        null,
        22,
        null,
        null,
        null,
        null,
        5,
        1,
        null,
        null,
        1,
        null
      ],
      "/Users/UsmaanJ/Desktop/Projects/unboxed/spec/features/username_spec.rb": [
        1,
        1,
        1,
        1,
        null,
        null,
        1,
        1,
        1,
        1,
        1,
        null,
        null
      ]
    },
    "timestamp": 1449922298
  }
}
